[2023-01-26 17:46:19.181] [jointLog] [info] setting maxHashResizeThreads to 4
[2023-01-26 17:46:19.181] [jointLog] [info] Fragment incompatibility prior below threshold.  Incompatible fragments will be ignored.
[2023-01-26 17:46:19.181] [jointLog] [info] Usage of --validateMappings implies use of minScoreFraction. Since not explicitly specified, it is being set to 0.65
[2023-01-26 17:46:19.181] [jointLog] [info] Setting consensusSlack to selective-alignment default of 0.35.
[2023-01-26 17:46:19.181] [jointLog] [info] parsing read library format
[2023-01-26 17:46:19.181] [jointLog] [info] There is 1 library.
[2023-01-26 17:46:19.181] [jointLog] [info] Loading pufferfish index
[2023-01-26 17:46:19.181] [jointLog] [info] Loading dense pufferfish index.
[2023-01-26 17:48:19.100] [jointLog] [info] done
[2023-01-26 17:48:19.188] [jointLog] [info] Index contained 46,902 targets
[2023-01-26 17:48:21.069] [jointLog] [info] Number of decoys : 176
[2023-01-26 17:48:21.069] [jointLog] [info] First decoy index : 46,726 
[2023-01-26 17:48:23.388] [jointLog] [info] Automatically detected most likely library type as IU

[2023-01-26 18:07:50.587] [jointLog] [info] Computed 108,538 rich equivalence classes for further processing
[2023-01-26 18:07:50.587] [jointLog] [info] Counted 20,041,697 total reads in the equivalence classes 
[2023-01-26 18:07:50.591] [jointLog] [warning] 0.000412968% of fragments were shorter than the k used to build the index.
If this fraction is too large, consider re-building the index with a smaller k.
The minimum read size found was 20.


[2023-01-26 18:07:50.591] [jointLog] [info] Number of mappings discarded because of alignment score : 7,478,003
[2023-01-26 18:07:50.591] [jointLog] [info] Number of fragments entirely discarded because of alignment score : 1,197,518
[2023-01-26 18:07:50.591] [jointLog] [info] Number of fragments discarded because they are best-mapped to decoys : 634,887
[2023-01-26 18:07:50.591] [jointLog] [info] Number of fragments discarded because they have only dovetail (discordant) mappings to valid targets : 131,887
[2023-01-26 18:07:50.591] [jointLog] [info] Mapping rate = 85.3256%

[2023-01-26 18:07:50.591] [jointLog] [info] finished quantifyLibrary()
[2023-01-26 18:07:50.610] [jointLog] [info] Starting optimizer
[2023-01-26 18:07:50.681] [jointLog] [info] Marked 0 weighted equivalence classes as degenerate
[2023-01-26 18:07:50.701] [jointLog] [info] iteration = 0 | max rel diff. = 22192.2
[2023-01-26 18:07:50.587] [fileLog] [info] 
At end of round 0
==================
Observed 23488480 total fragments (23488480 in most recent round)

[2023-01-26 18:07:50.979] [jointLog] [info] iteration 11, adjusting effective lengths to account for biases
[2023-01-26 18:13:40.411] [jointLog] [info] Computed expected counts (for bias correction)
[2023-01-26 18:13:40.411] [jointLog] [info] processed bias for 0.1% of the transcripts
[2023-01-26 18:14:13.705] [jointLog] [info] processed bias for 10.0% of the transcripts
[2023-01-26 18:14:50.574] [jointLog] [info] processed bias for 20.0% of the transcripts
[2023-01-26 18:15:21.504] [jointLog] [info] processed bias for 30.0% of the transcripts
[2023-01-26 18:15:58.312] [jointLog] [info] processed bias for 40.0% of the transcripts
[2023-01-26 18:16:34.579] [jointLog] [info] processed bias for 50.0% of the transcripts
[2023-01-26 18:17:12.617] [jointLog] [info] processed bias for 60.0% of the transcripts
[2023-01-26 18:17:47.308] [jointLog] [info] processed bias for 70.0% of the transcripts
[2023-01-26 18:18:22.945] [jointLog] [info] processed bias for 80.0% of the transcripts
[2023-01-26 18:18:59.557] [jointLog] [info] processed bias for 90.0% of the transcripts
[2023-01-26 18:19:31.880] [jointLog] [info] processed bias for 100.0% of the transcripts
[2023-01-26 18:19:32.905] [jointLog] [info] iteration = 100 | max rel diff. = 19.1849
[2023-01-26 18:19:34.040] [jointLog] [info] iteration = 200 | max rel diff. = 12.5636
[2023-01-26 18:19:35.153] [jointLog] [info] iteration = 300 | max rel diff. = 1.04926
[2023-01-26 18:19:36.265] [jointLog] [info] iteration = 400 | max rel diff. = 2.32482
[2023-01-26 18:19:37.383] [jointLog] [info] iteration = 500 | max rel diff. = 0.188287
[2023-01-26 18:19:38.512] [jointLog] [info] iteration = 600 | max rel diff. = 0.630493
[2023-01-26 18:19:39.624] [jointLog] [info] iteration = 700 | max rel diff. = 0.176432
[2023-01-26 18:19:40.736] [jointLog] [info] iteration = 800 | max rel diff. = 0.0344597
[2023-01-26 18:19:41.863] [jointLog] [info] iteration = 900 | max rel diff. = 0.0762597
[2023-01-26 18:19:42.156] [jointLog] [info] iteration = 927 | max rel diff. = 0.00970689
[2023-01-26 18:19:42.182] [jointLog] [info] Finished optimizer
[2023-01-26 18:19:42.182] [jointLog] [info] writing output 

