[2023-01-26 17:55:17.802] [jointLog] [info] setting maxHashResizeThreads to 4
[2023-01-26 17:55:17.802] [jointLog] [info] Fragment incompatibility prior below threshold.  Incompatible fragments will be ignored.
[2023-01-26 17:55:17.802] [jointLog] [info] Usage of --validateMappings implies use of minScoreFraction. Since not explicitly specified, it is being set to 0.65
[2023-01-26 17:55:17.802] [jointLog] [info] Setting consensusSlack to selective-alignment default of 0.35.
[2023-01-26 17:55:17.802] [jointLog] [info] parsing read library format
[2023-01-26 17:55:17.802] [jointLog] [info] There is 1 library.
[2023-01-26 17:55:17.804] [jointLog] [info] Loading pufferfish index
[2023-01-26 17:55:17.805] [jointLog] [info] Loading dense pufferfish index.
[2023-01-26 17:56:15.543] [jointLog] [info] done
[2023-01-26 17:56:15.583] [jointLog] [info] Index contained 46,902 targets
[2023-01-26 17:56:16.460] [jointLog] [info] Number of decoys : 176
[2023-01-26 17:56:16.460] [jointLog] [info] First decoy index : 46,726 
[2023-01-26 17:56:16.988] [jointLog] [info] Automatically detected most likely library type as IU

[2023-01-26 17:59:48.335] [fileLog] [info] 
At end of round 0
==================
Observed 24076182 total fragments (24076182 in most recent round)

[2023-01-26 17:59:48.334] [jointLog] [info] Computed 106,164 rich equivalence classes for further processing
[2023-01-26 17:59:48.334] [jointLog] [info] Counted 20,573,103 total reads in the equivalence classes 
[2023-01-26 17:59:48.338] [jointLog] [warning] 0.000328125% of fragments were shorter than the k used to build the index.
If this fraction is too large, consider re-building the index with a smaller k.
The minimum read size found was 20.


[2023-01-26 17:59:48.338] [jointLog] [info] Number of mappings discarded because of alignment score : 7,867,610
[2023-01-26 17:59:48.338] [jointLog] [info] Number of fragments entirely discarded because of alignment score : 1,195,801
[2023-01-26 17:59:48.338] [jointLog] [info] Number of fragments discarded because they are best-mapped to decoys : 631,054
[2023-01-26 17:59:48.338] [jointLog] [info] Number of fragments discarded because they have only dovetail (discordant) mappings to valid targets : 149,386
[2023-01-26 17:59:48.338] [jointLog] [info] Mapping rate = 85.45%

[2023-01-26 17:59:48.338] [jointLog] [info] finished quantifyLibrary()
[2023-01-26 17:59:48.341] [jointLog] [info] Starting optimizer
[2023-01-26 17:59:48.369] [jointLog] [info] Marked 0 weighted equivalence classes as degenerate
[2023-01-26 17:59:48.375] [jointLog] [info] iteration = 0 | max rel diff. = 25224
[2023-01-26 17:59:48.428] [jointLog] [info] iteration 11, adjusting effective lengths to account for biases
[2023-01-26 18:01:11.993] [jointLog] [info] Computed expected counts (for bias correction)
[2023-01-26 18:01:11.994] [jointLog] [info] processed bias for 0.1% of the transcripts
[2023-01-26 18:01:20.505] [jointLog] [info] processed bias for 10.0% of the transcripts
[2023-01-26 18:01:28.978] [jointLog] [info] processed bias for 20.0% of the transcripts
[2023-01-26 18:01:38.158] [jointLog] [info] processed bias for 30.0% of the transcripts
[2023-01-26 18:01:47.556] [jointLog] [info] processed bias for 40.0% of the transcripts
[2023-01-26 18:01:54.863] [jointLog] [info] processed bias for 50.0% of the transcripts
[2023-01-26 18:02:03.357] [jointLog] [info] processed bias for 60.0% of the transcripts
[2023-01-26 18:02:11.449] [jointLog] [info] processed bias for 70.0% of the transcripts
[2023-01-26 18:02:19.866] [jointLog] [info] processed bias for 80.0% of the transcripts
[2023-01-26 18:02:28.747] [jointLog] [info] processed bias for 90.0% of the transcripts
[2023-01-26 18:02:37.666] [jointLog] [info] processed bias for 100.0% of the transcripts
[2023-01-26 18:02:37.678] [jointLog] [info] processed bias for 100.0% of the transcripts
[2023-01-26 18:02:38.157] [jointLog] [info] iteration = 100 | max rel diff. = 17.1352
[2023-01-26 18:02:38.682] [jointLog] [info] iteration = 200 | max rel diff. = 14.1778
[2023-01-26 18:02:39.207] [jointLog] [info] iteration = 300 | max rel diff. = 4.08908
[2023-01-26 18:02:39.732] [jointLog] [info] iteration = 400 | max rel diff. = 0.593282
[2023-01-26 18:02:40.257] [jointLog] [info] iteration = 500 | max rel diff. = 0.435904
[2023-01-26 18:02:40.782] [jointLog] [info] iteration = 600 | max rel diff. = 0.526979
[2023-01-26 18:02:41.306] [jointLog] [info] iteration = 700 | max rel diff. = 0.331547
[2023-01-26 18:02:41.831] [jointLog] [info] iteration = 800 | max rel diff. = 0.199507
[2023-01-26 18:02:42.356] [jointLog] [info] iteration = 900 | max rel diff. = 0.125325
[2023-01-26 18:02:42.884] [jointLog] [info] iteration = 1,000 | max rel diff. = 0.371618
[2023-01-26 18:02:43.410] [jointLog] [info] iteration = 1,100 | max rel diff. = 0.0238076
[2023-01-26 18:02:43.936] [jointLog] [info] iteration = 1,200 | max rel diff. = 0.0373814
[2023-01-26 18:02:44.463] [jointLog] [info] iteration = 1,300 | max rel diff. = 0.0453907
[2023-01-26 18:02:44.989] [jointLog] [info] iteration = 1,400 | max rel diff. = 0.0766269
[2023-01-26 18:02:45.515] [jointLog] [info] iteration = 1,500 | max rel diff. = 0.0340098
[2023-01-26 18:02:46.041] [jointLog] [info] iteration = 1,600 | max rel diff. = 0.0226813
[2023-01-26 18:02:46.567] [jointLog] [info] iteration = 1,700 | max rel diff. = 0.758038
[2023-01-26 18:02:46.925] [jointLog] [info] iteration = 1,769 | max rel diff. = 0.00244756
[2023-01-26 18:02:46.928] [jointLog] [info] Finished optimizer
[2023-01-26 18:02:46.928] [jointLog] [info] writing output 

